app/build/intermediates/manifest_merge_blame_file/debug/manifest-merger-blame-debug-report.txt
1<?xml version="1.0" encoding="utf-8"?>
2<manifest xmlns:android="http://schemas.android.com/apk/res/android"
3    package="com.example.catefixx"
4    android:versionCode="1"
5    android:versionName="1.0" >
6
7    <uses-sdk
8        android:minSdkVersion="21"
9        android:targetSdkVersion="34" />
10
11    <!-- Although the *SdkVersion is captured in gradle build files, this is required for non gradle builds -->
12    <!-- <uses-sdk android:minSdkVersion="14" /> -->
13    <uses-permission android:name="android.permission.ACCESS_NETWORK_STATE" />
13-->[com.google.firebase:firebase-firestore:24.11.1] AndroidManifest.xml:10:5-79
13-->[com.google.firebase:firebase-firestore:24.11.1] AndroidManifest.xml:10:22-76
14    <uses-permission android:name="android.permission.INTERNET" />
14-->[com.google.firebase:firebase-firestore:24.11.1] AndroidManifest.xml:11:5-67
14-->[com.google.firebase:firebase-firestore:24.11.1] AndroidManifest.xml:11:22-64
15
16    <permission
16-->[androidx.core:core:1.12.0] AndroidManifest.xml:22:5-24:47
17        android:name="com.example.catefixx.DYNAMIC_RECEIVER_NOT_EXPORTED_PERMISSION"
17-->[androidx.core:core:1.12.0] AndroidManifest.xml:23:9-81
18        android:protectionLevel="signature" />
18-->[androidx.core:core:1.12.0] AndroidManifest.xml:24:9-44
19
20    <uses-permission android:name="com.example.catefixx.DYNAMIC_RECEIVER_NOT_EXPORTED_PERMISSION" />
20-->[androidx.core:core:1.12.0] AndroidManifest.xml:26:5-97
20-->[androidx.core:core:1.12.0] AndroidManifest.xml:26:22-94
21
22    <application
22-->src/main/AndroidManifest.xml:5:5-101:19
23        android:allowBackup="true"
23-->src/main/AndroidManifest.xml:6:9-35
24        android:appComponentFactory="androidx.core.app.CoreComponentFactory"
24-->[androidx.core:core:1.12.0] AndroidManifest.xml:28:18-86
25        android:dataExtractionRules="@xml/data_extraction_rules"
25-->src/main/AndroidManifest.xml:7:9-65
26        android:debuggable="true"
27        android:extractNativeLibs="true"
28        android:fullBackupContent="@xml/backup_rules"
28-->src/main/AndroidManifest.xml:8:9-54
29        android:icon="@mipmap/ic_launcher"
29-->src/main/AndroidManifest.xml:9:9-43
30        android:label="@string/app_name"
30-->src/main/AndroidManifest.xml:10:9-41
31        android:roundIcon="@mipmap/ic_launcher_round"
31-->src/main/AndroidManifest.xml:11:9-54
32        android:supportsRtl="true"
32-->src/main/AndroidManifest.xml:12:9-35
33        android:theme="@style/Theme.CateFixx" >
33-->src/main/AndroidManifest.xml:13:9-46
34        <activity
34-->src/main/AndroidManifest.xml:15:9-19:53
35            android:name="com.example.catefixx.InsertActivity"
35-->src/main/AndroidManifest.xml:16:13-43
36            android:exported="false"
36-->src/main/AndroidManifest.xml:17:13-37
37            android:label="@string/title_activity_insert"
37-->src/main/AndroidManifest.xml:18:13-58
38            android:theme="@style/Theme.CateFixx" />
38-->src/main/AndroidManifest.xml:19:13-50
39        <activity
39-->src/main/AndroidManifest.xml:20:9-24:53
40            android:name="com.example.catefixx.DetailsActivity"
40-->src/main/AndroidManifest.xml:21:13-44
41            android:exported="false"
41-->src/main/AndroidManifest.xml:22:13-37
42            android:label="@string/title_activity_details"
42-->src/main/AndroidManifest.xml:23:13-59
43            android:theme="@style/Theme.CateFixx" />
43-->src/main/AndroidManifest.xml:24:13-50
44        <activity
44-->src/main/AndroidManifest.xml:25:9-29:53
45            android:name="com.example.catefixx.EmployeesActivity"
45-->src/main/AndroidManifest.xml:26:13-46
46            android:exported="false"
46-->src/main/AndroidManifest.xml:27:13-37
47            android:label="@string/title_activity_employees"
47-->src/main/AndroidManifest.xml:28:13-61
48            android:theme="@style/Theme.CateFixx" />
48-->src/main/AndroidManifest.xml:29:13-50
49        <activity
49-->src/main/AndroidManifest.xml:30:9-34:53
50            android:name="com.example.catefixx.EmployeeActivity"
50-->src/main/AndroidManifest.xml:31:13-45
51            android:exported="false"
51-->src/main/AndroidManifest.xml:32:13-37
52            android:label="@string/title_activity_employee"
52-->src/main/AndroidManifest.xml:33:13-60
53            android:theme="@style/Theme.CateFixx" />
53-->src/main/AndroidManifest.xml:34:13-50
54        <activity
54-->src/main/AndroidManifest.xml:35:9-39:53
55            android:name="com.example.catefixx.Vira4Activity"
55-->src/main/AndroidManifest.xml:36:13-42
56            android:exported="false"
56-->src/main/AndroidManifest.xml:37:13-37
57            android:label="@string/title_activity_vira4"
57-->src/main/AndroidManifest.xml:38:13-57
58            android:theme="@style/Theme.CateFixx" />
58-->src/main/AndroidManifest.xml:39:13-50
59        <activity
59-->src/main/AndroidManifest.xml:40:9-44:53
60            android:name="com.example.catefixx.ThreeActivity"
60-->src/main/AndroidManifest.xml:41:13-42
61            android:exported="false"
61-->src/main/AndroidManifest.xml:42:13-37
62            android:label="@string/title_activity_three"
62-->src/main/AndroidManifest.xml:43:13-57
63            android:theme="@style/Theme.CateFixx" />
63-->src/main/AndroidManifest.xml:44:13-50
64        <activity
64-->src/main/AndroidManifest.xml:45:9-49:53
65            android:name="com.example.catefixx.TwoActivity"
65-->src/main/AndroidManifest.xml:46:13-40
66            android:exported="false"
66-->src/main/AndroidManifest.xml:47:13-37
67            android:label="@string/title_activity_two"
67-->src/main/AndroidManifest.xml:48:13-55
68            android:theme="@style/Theme.CateFixx" />
68-->src/main/AndroidManifest.xml:49:13-50
69        <activity
69-->src/main/AndroidManifest.xml:50:9-54:53
70            android:name="com.example.catefixx.OneActivity"
70-->src/main/AndroidManifest.xml:51:13-40
71            android:exported="false"
71-->src/main/AndroidManifest.xml:52:13-37
72            android:label="@string/title_activity_one"
72-->src/main/AndroidManifest.xml:53:13-55
73            android:theme="@style/Theme.CateFixx" />
73-->src/main/AndroidManifest.xml:54:13-50
74        <activity
74-->src/main/AndroidManifest.xml:55:9-65:20
75            android:name="com.example.catefixx.SplashActivity"
75-->src/main/AndroidManifest.xml:56:13-43
76            android:exported="true"
76-->src/main/AndroidManifest.xml:57:13-36
77            android:label="CateFixx"
77-->src/main/AndroidManifest.xml:58:13-37
78            android:theme="@style/Theme.CateFixx" >
78-->src/main/AndroidManifest.xml:59:13-50
79            <intent-filter>
79-->src/main/AndroidManifest.xml:60:13-64:29
80                <action android:name="android.intent.action.MAIN" />
80-->src/main/AndroidManifest.xml:61:17-69
80-->src/main/AndroidManifest.xml:61:25-66
81
82                <category android:name="android.intent.category.LAUNCHER" />
82-->src/main/AndroidManifest.xml:63:17-77
82-->src/main/AndroidManifest.xml:63:27-74
83            </intent-filter>
84        </activity>
85        <activity
85-->src/main/AndroidManifest.xml:66:9-70:53
86            android:name="com.example.catefixx.ExploreActivity"
86-->src/main/AndroidManifest.xml:67:13-44
87            android:exported="false"
87-->src/main/AndroidManifest.xml:68:13-37
88            android:label="@string/title_activity_explore"
88-->src/main/AndroidManifest.xml:69:13-59
89            android:theme="@style/Theme.CateFixx" />
89-->src/main/AndroidManifest.xml:70:13-50
90        <activity
90-->src/main/AndroidManifest.xml:71:9-75:53
91            android:name="com.example.catefixx.FirstScreenActivity"
91-->src/main/AndroidManifest.xml:72:13-48
92            android:exported="false"
92-->src/main/AndroidManifest.xml:73:13-37
93            android:label="@string/title_activity_first_screen"
93-->src/main/AndroidManifest.xml:74:13-64
94            android:theme="@style/Theme.CateFixx" />
94-->src/main/AndroidManifest.xml:75:13-50
95        <activity
95-->src/main/AndroidManifest.xml:76:9-80:53
96            android:name="com.example.catefixx.DestinationActivity"
96-->src/main/AndroidManifest.xml:77:13-48
97            android:exported="false"
97-->src/main/AndroidManifest.xml:78:13-37
98            android:label="@string/title_activity_destination"
98-->src/main/AndroidManifest.xml:79:13-63
99            android:theme="@style/Theme.CateFixx" />
99-->src/main/AndroidManifest.xml:80:13-50
100        <activity
100-->src/main/AndroidManifest.xml:81:9-85:53
101            android:name="com.example.catefixx.FormActivity"
101-->src/main/AndroidManifest.xml:82:13-41
102            android:exported="false"
102-->src/main/AndroidManifest.xml:83:13-37
103            android:label="@string/title_activity_form"
103-->src/main/AndroidManifest.xml:84:13-56
104            android:theme="@style/Theme.CateFixx" />
104-->src/main/AndroidManifest.xml:85:13-50
105        <activity
105-->src/main/AndroidManifest.xml:86:9-90:53
106            android:name="com.example.catefixx.IntentActivity"
106-->src/main/AndroidManifest.xml:87:13-43
107            android:exported="false"
107-->src/main/AndroidManifest.xml:88:13-37
108            android:label="@string/title_activity_intent"
108-->src/main/AndroidManifest.xml:89:13-58
109            android:theme="@style/Theme.CateFixx" />
109-->src/main/AndroidManifest.xml:90:13-50
110        <activity
110-->src/main/AndroidManifest.xml:91:9-95:53
111            android:name="com.example.catefixx.layoutactivity"
111-->src/main/AndroidManifest.xml:92:13-43
112            android:exported="false"
112-->src/main/AndroidManifest.xml:93:13-37
113            android:label="@string/title_activity_layoutactivity"
113-->src/main/AndroidManifest.xml:94:13-66
114            android:theme="@style/Theme.CateFixx" />
114-->src/main/AndroidManifest.xml:95:13-50
115        <activity
115-->src/main/AndroidManifest.xml:96:9-100:53
116            android:name="com.example.catefixx.MainActivity"
116-->src/main/AndroidManifest.xml:97:13-41
117            android:exported="false"
117-->src/main/AndroidManifest.xml:98:13-37
118            android:label="@string/app_name"
118-->src/main/AndroidManifest.xml:99:13-45
119            android:theme="@style/Theme.CateFixx" />
119-->src/main/AndroidManifest.xml:100:13-50
120
121        <service
121-->[com.google.firebase:firebase-firestore-ktx:24.11.1] AndroidManifest.xml:9:9-15:19
122            android:name="com.google.firebase.components.ComponentDiscoveryService"
122-->[com.google.firebase:firebase-firestore-ktx:24.11.1] AndroidManifest.xml:10:13-84
123            android:directBootAware="true"
123-->[com.google.firebase:firebase-common:20.4.2] AndroidManifest.xml:32:13-43
124            android:exported="false" >
124-->[com.google.firebase:firebase-firestore-ktx:24.11.1] AndroidManifest.xml:11:13-37
125            <meta-data
125-->[com.google.firebase:firebase-firestore-ktx:24.11.1] AndroidManifest.xml:12:13-14:85
126                android:name="com.google.firebase.components:com.google.firebase.firestore.ktx.FirebaseFirestoreLegacyRegistrar"
126-->[com.google.firebase:firebase-firestore-ktx:24.11.1] AndroidManifest.xml:13:17-129
127                android:value="com.google.firebase.components.ComponentRegistrar" />
127-->[com.google.firebase:firebase-firestore-ktx:24.11.1] AndroidManifest.xml:14:17-82
128            <meta-data
128-->[com.google.firebase:firebase-firestore:24.11.1] AndroidManifest.xml:17:13-19:85
129                android:name="com.google.firebase.components:com.google.firebase.firestore.FirebaseFirestoreKtxRegistrar"
129-->[com.google.firebase:firebase-firestore:24.11.1] AndroidManifest.xml:18:17-122
130                android:value="com.google.firebase.components.ComponentRegistrar" />
130-->[com.google.firebase:firebase-firestore:24.11.1] AndroidManifest.xml:19:17-82
131            <meta-data
131-->[com.google.firebase:firebase-firestore:24.11.1] AndroidManifest.xml:20:13-22:85
132                android:name="com.google.firebase.components:com.google.firebase.firestore.FirestoreRegistrar"
132-->[com.google.firebase:firebase-firestore:24.11.1] AndroidManifest.xml:21:17-111
133                android:value="com.google.firebase.components.ComponentRegistrar" />
133-->[com.google.firebase:firebase-firestore:24.11.1] AndroidManifest.xml:22:17-82
134            <meta-data
134-->[com.google.firebase:firebase-common-ktx:20.4.2] AndroidManifest.xml:12:13-14:85
135                android:name="com.google.firebase.components:com.google.firebase.ktx.FirebaseCommonLegacyRegistrar"
135-->[com.google.firebase:firebase-common-ktx:20.4.2] AndroidManifest.xml:13:17-116
136                android:value="com.google.firebase.components.ComponentRegistrar" />
136-->[com.google.firebase:firebase-common-ktx:20.4.2] AndroidManifest.xml:14:17-82
137            <meta-data
137-->[com.google.firebase:firebase-common:20.4.2] AndroidManifest.xml:35:13-37:85
138                android:name="com.google.firebase.components:com.google.firebase.FirebaseCommonKtxRegistrar"
138-->[com.google.firebase:firebase-common:20.4.2] AndroidManifest.xml:36:17-109
139                android:value="com.google.firebase.components.ComponentRegistrar" />
139-->[com.google.firebase:firebase-common:20.4.2] AndroidManifest.xml:37:17-82
140        </service>
141
142        <activity
142-->[androidx.compose.ui:ui-test-manifest:1.5.0] AndroidManifest.xml:23:9-25:39
143            android:name="androidx.activity.ComponentActivity"
143-->[androidx.compose.ui:ui-test-manifest:1.5.0] AndroidManifest.xml:24:13-63
144            android:exported="true" />
144-->[androidx.compose.ui:ui-test-manifest:1.5.0] AndroidManifest.xml:25:13-36
145        <activity
145-->[androidx.compose.ui:ui-tooling-android:1.5.0] AndroidManifest.xml:23:9-25:39
146            android:name="androidx.compose.ui.tooling.PreviewActivity"
146-->[androidx.compose.ui:ui-tooling-android:1.5.0] AndroidManifest.xml:24:13-71
147            android:exported="true" />
147-->[androidx.compose.ui:ui-tooling-android:1.5.0] AndroidManifest.xml:25:13-36
148
149        <provider
149-->[com.google.firebase:firebase-common:20.4.2] AndroidManifest.xml:23:9-28:39
150            android:name="com.google.firebase.provider.FirebaseInitProvider"
150-->[com.google.firebase:firebase-common:20.4.2] AndroidManifest.xml:24:13-77
151            android:authorities="com.example.catefixx.firebaseinitprovider"
151-->[com.google.firebase:firebase-common:20.4.2] AndroidManifest.xml:25:13-72
152            android:directBootAware="true"
152-->[com.google.firebase:firebase-common:20.4.2] AndroidManifest.xml:26:13-43
153            android:exported="false"
153-->[com.google.firebase:firebase-common:20.4.2] AndroidManifest.xml:27:13-37
154            android:initOrder="100" />
154-->[com.google.firebase:firebase-common:20.4.2] AndroidManifest.xml:28:13-36
155
156        <activity
156-->[com.google.android.gms:play-services-base:18.0.1] AndroidManifest.xml:20:9-22:45
157            android:name="com.google.android.gms.common.api.GoogleApiActivity"
157-->[com.google.android.gms:play-services-base:18.0.1] AndroidManifest.xml:20:19-85
158            android:exported="false"
158-->[com.google.android.gms:play-services-base:18.0.1] AndroidManifest.xml:22:19-43
159            android:theme="@android:style/Theme.Translucent.NoTitleBar" />
159-->[com.google.android.gms:play-services-base:18.0.1] AndroidManifest.xml:21:19-78
160
161        <provider
161-->[androidx.emoji2:emoji2:1.4.0] AndroidManifest.xml:24:9-32:20
162            android:name="androidx.startup.InitializationProvider"
162-->[androidx.emoji2:emoji2:1.4.0] AndroidManifest.xml:25:13-67
163            android:authorities="com.example.catefixx.androidx-startup"
163-->[androidx.emoji2:emoji2:1.4.0] AndroidManifest.xml:26:13-68
164            android:exported="false" >
164-->[androidx.emoji2:emoji2:1.4.0] AndroidManifest.xml:27:13-37
165            <meta-data
165-->[androidx.emoji2:emoji2:1.4.0] AndroidManifest.xml:29:13-31:52
166                android:name="androidx.emoji2.text.EmojiCompatInitializer"
166-->[androidx.emoji2:emoji2:1.4.0] AndroidManifest.xml:30:17-75
167                android:value="androidx.startup" />
167-->[androidx.emoji2:emoji2:1.4.0] AndroidManifest.xml:31:17-49
168            <meta-data
168-->[androidx.lifecycle:lifecycle-process:2.7.0] AndroidManifest.xml:29:13-31:52
169                android:name="androidx.lifecycle.ProcessLifecycleInitializer"
169-->[androidx.lifecycle:lifecycle-process:2.7.0] AndroidManifest.xml:30:17-78
170                android:value="androidx.startup" />
170-->[androidx.lifecycle:lifecycle-process:2.7.0] AndroidManifest.xml:31:17-49
171            <meta-data
171-->[androidx.profileinstaller:profileinstaller:1.3.0] AndroidManifest.xml:29:13-31:52
172                android:name="androidx.profileinstaller.ProfileInstallerInitializer"
172-->[androidx.profileinstaller:profileinstaller:1.3.0] AndroidManifest.xml:30:17-85
173                android:value="androidx.startup" />
173-->[androidx.profileinstaller:profileinstaller:1.3.0] AndroidManifest.xml:31:17-49
174        </provider>
175
176        <meta-data
176-->[com.google.android.gms:play-services-basement:18.1.0] AndroidManifest.xml:21:9-23:69
177            android:name="com.google.android.gms.version"
177-->[com.google.android.gms:play-services-basement:18.1.0] AndroidManifest.xml:22:13-58
178            android:value="@integer/google_play_services_version" />
178-->[com.google.android.gms:play-services-basement:18.1.0] AndroidManifest.xml:23:13-66
179
180        <receiver
180-->[androidx.profileinstaller:profileinstaller:1.3.0] AndroidManifest.xml:34:9-52:20
181            android:name="androidx.profileinstaller.ProfileInstallReceiver"
181-->[androidx.profileinstaller:profileinstaller:1.3.0] AndroidManifest.xml:35:13-76
182            android:directBootAware="false"
182-->[androidx.profileinstaller:profileinstaller:1.3.0] AndroidManifest.xml:36:13-44
183            android:enabled="true"
183-->[androidx.profileinstaller:profileinstaller:1.3.0] AndroidManifest.xml:37:13-35
184            android:exported="true"
184-->[androidx.profileinstaller:profileinstaller:1.3.0] AndroidManifest.xml:38:13-36
185            android:permission="android.permission.DUMP" >
185-->[androidx.profileinstaller:profileinstaller:1.3.0] AndroidManifest.xml:39:13-57
186            <intent-filter>
186-->[androidx.profileinstaller:profileinstaller:1.3.0] AndroidManifest.xml:40:13-42:29
187                <action android:name="androidx.profileinstaller.action.INSTALL_PROFILE" />
187-->[androidx.profileinstaller:profileinstaller:1.3.0] AndroidManifest.xml:41:17-91
187-->[androidx.profileinstaller:profileinstaller:1.3.0] AndroidManifest.xml:41:25-88
188            </intent-filter>
189            <intent-filter>
189-->[androidx.profileinstaller:profileinstaller:1.3.0] AndroidManifest.xml:43:13-45:29
190                <action android:name="androidx.profileinstaller.action.SKIP_FILE" />
190-->[androidx.profileinstaller:profileinstaller:1.3.0] AndroidManifest.xml:44:17-85
190-->[androidx.profileinstaller:profileinstaller:1.3.0] AndroidManifest.xml:44:25-82
191            </intent-filter>
192            <intent-filter>
192-->[androidx.profileinstaller:profileinstaller:1.3.0] AndroidManifest.xml:46:13-48:29
193                <action android:name="androidx.profileinstaller.action.SAVE_PROFILE" />
193-->[androidx.profileinstaller:profileinstaller:1.3.0] AndroidManifest.xml:47:17-88
193-->[androidx.profileinstaller:profileinstaller:1.3.0] AndroidManifest.xml:47:25-85
194            </intent-filter>
195            <intent-filter>
195-->[androidx.profileinstaller:profileinstaller:1.3.0] AndroidManifest.xml:49:13-51:29
196                <action android:name="androidx.profileinstaller.action.BENCHMARK_OPERATION" />
196-->[androidx.profileinstaller:profileinstaller:1.3.0] AndroidManifest.xml:50:17-95
196-->[androidx.profileinstaller:profileinstaller:1.3.0] AndroidManifest.xml:50:25-92
197            </intent-filter>
198        </receiver>
199    </application>
200
201</manifest>